2021/01/14 09:38:01 : orders_errors 1: Traceback (most recent call last):
  File "/home/hoang/Desktop/v32/cartmigration/controllers/migration.py", line 1072, in migration
    import_data = fn_import(convert_data, main, ext)
  File "/home/hoang/Desktop/v32/cartmigration/models/cart/woocommerce.py", line 4430, in order_import
    'meta_value': convert['items']['total']
TypeError: list indices must be integers or slices, not str

2021/01/14 09:38:02 : orders_errors 2: Traceback (most recent call last):
  File "/home/hoang/Desktop/v32/cartmigration/controllers/migration.py", line 1072, in migration
    import_data = fn_import(convert_data, main, ext)
  File "/home/hoang/Desktop/v32/cartmigration/models/cart/woocommerce.py", line 4430, in order_import
    'meta_value': convert['items']['total']
TypeError: list indices must be integers or slices, not str

2021/01/14 09:38:03 : orders_errors 3: Traceback (most recent call last):
  File "/home/hoang/Desktop/v32/cartmigration/controllers/migration.py", line 1072, in migration
    import_data = fn_import(convert_data, main, ext)
  File "/home/hoang/Desktop/v32/cartmigration/models/cart/woocommerce.py", line 4430, in order_import
    'meta_value': convert['items']['total']
TypeError: list indices must be integers or slices, not str

2021/01/14 09:38:04 : orders_errors 4: Traceback (most recent call last):
  File "/home/hoang/Desktop/v32/cartmigration/controllers/migration.py", line 1072, in migration
    import_data = fn_import(convert_data, main, ext)
  File "/home/hoang/Desktop/v32/cartmigration/models/cart/woocommerce.py", line 4430, in order_import
    'meta_value': convert['items']['total']
TypeError: list indices must be integers or slices, not str

2021/01/14 09:38:06 : orders_errors 5: Traceback (most recent call last):
  File "/home/hoang/Desktop/v32/cartmigration/controllers/migration.py", line 1072, in migration
    import_data = fn_import(convert_data, main, ext)
  File "/home/hoang/Desktop/v32/cartmigration/models/cart/woocommerce.py", line 4430, in order_import
    'meta_value': convert['items']['total']
TypeError: list indices must be integers or slices, not str

2021/01/14 09:38:08 : orders_errors 6: Traceback (most recent call last):
  File "/home/hoang/Desktop/v32/cartmigration/controllers/migration.py", line 1072, in migration
    import_data = fn_import(convert_data, main, ext)
  File "/home/hoang/Desktop/v32/cartmigration/models/cart/woocommerce.py", line 4430, in order_import
    'meta_value': convert['items']['total']
TypeError: list indices must be integers or slices, not str

2021/01/14 09:38:09 : orders_errors 7: Traceback (most recent call last):
  File "/home/hoang/Desktop/v32/cartmigration/controllers/migration.py", line 1072, in migration
    import_data = fn_import(convert_data, main, ext)
  File "/home/hoang/Desktop/v32/cartmigration/models/cart/woocommerce.py", line 4430, in order_import
    'meta_value': convert['items']['total']
TypeError: list indices must be integers or slices, not str

2021/01/14 09:38:10 : orders_errors 8: Traceback (most recent call last):
  File "/home/hoang/Desktop/v32/cartmigration/controllers/migration.py", line 1072, in migration
    import_data = fn_import(convert_data, main, ext)
  File "/home/hoang/Desktop/v32/cartmigration/models/cart/woocommerce.py", line 4430, in order_import
    'meta_value': convert['items']['total']
TypeError: list indices must be integers or slices, not str

