2021/01/14 10:08:25 : Traceback (most recent call last):
  File "/home/hoang/Desktop/v32/cartmigration/controllers/migration.py", line 665, in storage_data
    getattr(self.get_source_cart(), 'finish_storage_data')()
  File "/home/hoang/Desktop/v32/cartmigration/models/basecart.py", line 3929, in finish_storage_data
    folder_upload = self.get_folder_upload(self._migration_id)
  File "/home/hoang/Desktop/v32/cartmigration/models/basecart.py", line 3941, in get_folder_upload
    folder_upload = root_path + '/' + DIR_UPLOAD + '/' + get_config_ini('src', 'file', file = 'test.ini')
TypeError: must be str, not NoneType

2021/01/14 10:08:46 : orders_errors 1: Traceback (most recent call last):
  File "/home/hoang/Desktop/v32/cartmigration/controllers/migration.py", line 1072, in migration
    import_data = fn_import(convert_data, main, ext)
  File "/home/hoang/Desktop/v32/cartmigration/models/cart/woocommerce.py", line 4639, in order_import
    'meta_value': convert['billing_address']['email'],
KeyError: 'email'

2021/01/14 10:08:53 : orders_errors 2: Traceback (most recent call last):
  File "/home/hoang/Desktop/v32/cartmigration/controllers/migration.py", line 1072, in migration
    import_data = fn_import(convert_data, main, ext)
  File "/home/hoang/Desktop/v32/cartmigration/models/cart/woocommerce.py", line 4639, in order_import
    'meta_value': convert['billing_address']['email'],
KeyError: 'email'

2021/01/14 10:08:57 : orders_errors 3: Traceback (most recent call last):
  File "/home/hoang/Desktop/v32/cartmigration/controllers/migration.py", line 1072, in migration
    import_data = fn_import(convert_data, main, ext)
  File "/home/hoang/Desktop/v32/cartmigration/models/cart/woocommerce.py", line 4639, in order_import
    'meta_value': convert['billing_address']['email'],
KeyError: 'email'

2021/01/14 10:09:05 : orders_errors 4: Traceback (most recent call last):
  File "/home/hoang/Desktop/v32/cartmigration/controllers/migration.py", line 1072, in migration
    import_data = fn_import(convert_data, main, ext)
  File "/home/hoang/Desktop/v32/cartmigration/models/cart/woocommerce.py", line 4639, in order_import
    'meta_value': convert['billing_address']['email'],
KeyError: 'email'

2021/01/14 10:09:16 : orders_errors 5: Traceback (most recent call last):
  File "/home/hoang/Desktop/v32/cartmigration/controllers/migration.py", line 1072, in migration
    import_data = fn_import(convert_data, main, ext)
  File "/home/hoang/Desktop/v32/cartmigration/models/cart/woocommerce.py", line 4639, in order_import
    'meta_value': convert['billing_address']['email'],
KeyError: 'email'

2021/01/14 10:09:20 : orders_errors 6: Traceback (most recent call last):
  File "/home/hoang/Desktop/v32/cartmigration/controllers/migration.py", line 1072, in migration
    import_data = fn_import(convert_data, main, ext)
  File "/home/hoang/Desktop/v32/cartmigration/models/cart/woocommerce.py", line 4639, in order_import
    'meta_value': convert['billing_address']['email'],
KeyError: 'email'

2021/01/14 10:09:29 : orders_errors 7: Traceback (most recent call last):
  File "/home/hoang/Desktop/v32/cartmigration/controllers/migration.py", line 1072, in migration
    import_data = fn_import(convert_data, main, ext)
  File "/home/hoang/Desktop/v32/cartmigration/models/cart/woocommerce.py", line 4639, in order_import
    'meta_value': convert['billing_address']['email'],
KeyError: 'email'

2021/01/14 10:09:43 : orders_errors 8: Traceback (most recent call last):
  File "/home/hoang/Desktop/v32/cartmigration/controllers/migration.py", line 1072, in migration
    import_data = fn_import(convert_data, main, ext)
  File "/home/hoang/Desktop/v32/cartmigration/models/cart/woocommerce.py", line 4639, in order_import
    'meta_value': convert['billing_address']['email'],
KeyError: 'email'

