2021/01/16 12:04:26 : Traceback (most recent call last):
  File "/home/hoang/Desktop/v32/cartmigration/controllers/migration.py", line 665, in storage_data
    getattr(self.get_source_cart(), 'finish_storage_data')()
  File "/home/hoang/Desktop/v32/cartmigration/models/basecart.py", line 3929, in finish_storage_data
    folder_upload = self.get_folder_upload(self._migration_id)
  File "/home/hoang/Desktop/v32/cartmigration/models/basecart.py", line 3941, in get_folder_upload
    folder_upload = root_path + '/' + DIR_UPLOAD + '/' + get_config_ini('src', 'file', file = 'test.ini')
TypeError: must be str, not NoneType

2021/01/16 12:09:09 : Traceback (most recent call last):
  File "/home/hoang/Desktop/v32/cartmigration/models/basecart.py", line 1325, in gzinflate
    res = zlib.decompress(compressed_data, -15)
zlib.error: Error -3 while decompressing data: invalid block type

2021/01/16 12:09:09 : Traceback (most recent call last):
  File "/home/hoang/Desktop/v32/cartmigration/models/basecart.py", line 1325, in gzinflate
    res = zlib.decompress(compressed_data, -15)
zlib.error: Error -3 while decompressing data: invalid block type

2021/01/16 12:09:11 : Traceback (most recent call last):
  File "/home/hoang/Desktop/v32/bootstrap.py", line 20, in <module>
    getattr(controller, action_name)(data)
  File "/home/hoang/Desktop/v32/cartmigration/controllers/migration.py", line 86, in start
    self.run()
  File "/home/hoang/Desktop/v32/cartmigration/controllers/migration.py", line 163, in run
    print("Exiting " + to_str(self.pid))
OSError: [Errno 5] Input/output error

