2021/01/14 10:03:48 : orders_errors 1: Traceback (most recent call last):
  File "/home/hoang/Desktop/v32/cartmigration/controllers/migration.py", line 1072, in migration
    import_data = fn_import(convert_data, main, ext)
  File "/home/hoang/Desktop/v32/cartmigration/models/cart/woocommerce.py", line 4456, in order_import
    meta_value = convert['billing_address']['first_name'] + ' ' + convert['billing_address']['last_name'] + ' ' + convert['billing_address']['company'] + ' '+ convert['billing_address']['address_1'] + ' ' + convert['billing_address']['address_2'] + ' ' + ['billing_address']['city'] + ' ' +convert['billing_address']['state']['state_code'] + ' ' + convert['billing_address']['postcode'] + ' ' + convert['billing_address']['country']['code']+' ' + convert['billing_address']['telephone'] + ' ' + convert['customer']['email']
TypeError: must be str, not NoneType

2021/01/14 10:03:50 : orders_errors 2: Traceback (most recent call last):
  File "/home/hoang/Desktop/v32/cartmigration/controllers/migration.py", line 1072, in migration
    import_data = fn_import(convert_data, main, ext)
  File "/home/hoang/Desktop/v32/cartmigration/models/cart/woocommerce.py", line 4456, in order_import
    meta_value = convert['billing_address']['first_name'] + ' ' + convert['billing_address']['last_name'] + ' ' + convert['billing_address']['company'] + ' '+ convert['billing_address']['address_1'] + ' ' + convert['billing_address']['address_2'] + ' ' + ['billing_address']['city'] + ' ' +convert['billing_address']['state']['state_code'] + ' ' + convert['billing_address']['postcode'] + ' ' + convert['billing_address']['country']['code']+' ' + convert['billing_address']['telephone'] + ' ' + convert['customer']['email']
TypeError: must be str, not NoneType

2021/01/14 10:03:52 : orders_errors 3: Traceback (most recent call last):
  File "/home/hoang/Desktop/v32/cartmigration/controllers/migration.py", line 1072, in migration
    import_data = fn_import(convert_data, main, ext)
  File "/home/hoang/Desktop/v32/cartmigration/models/cart/woocommerce.py", line 4456, in order_import
    meta_value = convert['billing_address']['first_name'] + ' ' + convert['billing_address']['last_name'] + ' ' + convert['billing_address']['company'] + ' '+ convert['billing_address']['address_1'] + ' ' + convert['billing_address']['address_2'] + ' ' + ['billing_address']['city'] + ' ' +convert['billing_address']['state']['state_code'] + ' ' + convert['billing_address']['postcode'] + ' ' + convert['billing_address']['country']['code']+' ' + convert['billing_address']['telephone'] + ' ' + convert['customer']['email']
TypeError: must be str, not NoneType

2021/01/14 10:03:53 : orders_errors 4: Traceback (most recent call last):
  File "/home/hoang/Desktop/v32/cartmigration/controllers/migration.py", line 1072, in migration
    import_data = fn_import(convert_data, main, ext)
  File "/home/hoang/Desktop/v32/cartmigration/models/cart/woocommerce.py", line 4456, in order_import
    meta_value = convert['billing_address']['first_name'] + ' ' + convert['billing_address']['last_name'] + ' ' + convert['billing_address']['company'] + ' '+ convert['billing_address']['address_1'] + ' ' + convert['billing_address']['address_2'] + ' ' + ['billing_address']['city'] + ' ' +convert['billing_address']['state']['state_code'] + ' ' + convert['billing_address']['postcode'] + ' ' + convert['billing_address']['country']['code']+' ' + convert['billing_address']['telephone'] + ' ' + convert['customer']['email']
TypeError: must be str, not NoneType

2021/01/14 10:03:55 : orders_errors 5: Traceback (most recent call last):
  File "/home/hoang/Desktop/v32/cartmigration/controllers/migration.py", line 1072, in migration
    import_data = fn_import(convert_data, main, ext)
  File "/home/hoang/Desktop/v32/cartmigration/models/cart/woocommerce.py", line 4456, in order_import
    meta_value = convert['billing_address']['first_name'] + ' ' + convert['billing_address']['last_name'] + ' ' + convert['billing_address']['company'] + ' '+ convert['billing_address']['address_1'] + ' ' + convert['billing_address']['address_2'] + ' ' + ['billing_address']['city'] + ' ' +convert['billing_address']['state']['state_code'] + ' ' + convert['billing_address']['postcode'] + ' ' + convert['billing_address']['country']['code']+' ' + convert['billing_address']['telephone'] + ' ' + convert['customer']['email']
TypeError: must be str, not NoneType

2021/01/14 10:03:56 : orders_errors 6: Traceback (most recent call last):
  File "/home/hoang/Desktop/v32/cartmigration/controllers/migration.py", line 1072, in migration
    import_data = fn_import(convert_data, main, ext)
  File "/home/hoang/Desktop/v32/cartmigration/models/cart/woocommerce.py", line 4456, in order_import
    meta_value = convert['billing_address']['first_name'] + ' ' + convert['billing_address']['last_name'] + ' ' + convert['billing_address']['company'] + ' '+ convert['billing_address']['address_1'] + ' ' + convert['billing_address']['address_2'] + ' ' + ['billing_address']['city'] + ' ' +convert['billing_address']['state']['state_code'] + ' ' + convert['billing_address']['postcode'] + ' ' + convert['billing_address']['country']['code']+' ' + convert['billing_address']['telephone'] + ' ' + convert['customer']['email']
TypeError: must be str, not NoneType

2021/01/14 10:03:56 : orders_errors 7: Traceback (most recent call last):
  File "/home/hoang/Desktop/v32/cartmigration/controllers/migration.py", line 1072, in migration
    import_data = fn_import(convert_data, main, ext)
  File "/home/hoang/Desktop/v32/cartmigration/models/cart/woocommerce.py", line 4456, in order_import
    meta_value = convert['billing_address']['first_name'] + ' ' + convert['billing_address']['last_name'] + ' ' + convert['billing_address']['company'] + ' '+ convert['billing_address']['address_1'] + ' ' + convert['billing_address']['address_2'] + ' ' + ['billing_address']['city'] + ' ' +convert['billing_address']['state']['state_code'] + ' ' + convert['billing_address']['postcode'] + ' ' + convert['billing_address']['country']['code']+' ' + convert['billing_address']['telephone'] + ' ' + convert['customer']['email']
TypeError: must be str, not NoneType

2021/01/14 10:03:58 : orders_errors 8: Traceback (most recent call last):
  File "/home/hoang/Desktop/v32/cartmigration/controllers/migration.py", line 1072, in migration
    import_data = fn_import(convert_data, main, ext)
  File "/home/hoang/Desktop/v32/cartmigration/models/cart/woocommerce.py", line 4456, in order_import
    meta_value = convert['billing_address']['first_name'] + ' ' + convert['billing_address']['last_name'] + ' ' + convert['billing_address']['company'] + ' '+ convert['billing_address']['address_1'] + ' ' + convert['billing_address']['address_2'] + ' ' + ['billing_address']['city'] + ' ' +convert['billing_address']['state']['state_code'] + ' ' + convert['billing_address']['postcode'] + ' ' + convert['billing_address']['country']['code']+' ' + convert['billing_address']['telephone'] + ' ' + convert['customer']['email']
TypeError: must be str, not NoneType

