2021/01/14 14:52:55 : orders_errors 2: Traceback (most recent call last):
  File "/home/hoang/Desktop/v32/cartmigration/controllers/migration.py", line 1072, in migration
    import_data = fn_import(convert_data, main, ext)
  File "/home/hoang/Desktop/v32/cartmigration/models/cart/woocommerce.py", line 4795, in order_import
    'meta_value': product_id,
UnboundLocalError: local variable 'product_id' referenced before assignment

2021/01/14 14:53:04 : orders_errors 3: Traceback (most recent call last):
  File "/home/hoang/Desktop/v32/cartmigration/controllers/migration.py", line 1072, in migration
    import_data = fn_import(convert_data, main, ext)
  File "/home/hoang/Desktop/v32/cartmigration/models/cart/woocommerce.py", line 4795, in order_import
    'meta_value': product_id,
UnboundLocalError: local variable 'product_id' referenced before assignment

2021/01/14 14:53:13 : orders_errors 4: Traceback (most recent call last):
  File "/home/hoang/Desktop/v32/cartmigration/controllers/migration.py", line 1072, in migration
    import_data = fn_import(convert_data, main, ext)
  File "/home/hoang/Desktop/v32/cartmigration/models/cart/woocommerce.py", line 4795, in order_import
    'meta_value': product_id,
UnboundLocalError: local variable 'product_id' referenced before assignment

2021/01/14 14:53:23 : orders_errors 5: Traceback (most recent call last):
  File "/home/hoang/Desktop/v32/cartmigration/controllers/migration.py", line 1072, in migration
    import_data = fn_import(convert_data, main, ext)
  File "/home/hoang/Desktop/v32/cartmigration/models/cart/woocommerce.py", line 4795, in order_import
    'meta_value': product_id,
UnboundLocalError: local variable 'product_id' referenced before assignment

2021/01/14 14:53:32 : orders_errors 6: Traceback (most recent call last):
  File "/home/hoang/Desktop/v32/cartmigration/controllers/migration.py", line 1072, in migration
    import_data = fn_import(convert_data, main, ext)
  File "/home/hoang/Desktop/v32/cartmigration/models/cart/woocommerce.py", line 4795, in order_import
    'meta_value': product_id,
UnboundLocalError: local variable 'product_id' referenced before assignment

2021/01/14 14:53:41 : orders_errors 7: Traceback (most recent call last):
  File "/home/hoang/Desktop/v32/cartmigration/controllers/migration.py", line 1072, in migration
    import_data = fn_import(convert_data, main, ext)
  File "/home/hoang/Desktop/v32/cartmigration/models/cart/woocommerce.py", line 4795, in order_import
    'meta_value': product_id,
UnboundLocalError: local variable 'product_id' referenced before assignment

2021/01/14 14:53:50 : orders_errors 8: Traceback (most recent call last):
  File "/home/hoang/Desktop/v32/cartmigration/controllers/migration.py", line 1072, in migration
    import_data = fn_import(convert_data, main, ext)
  File "/home/hoang/Desktop/v32/cartmigration/models/cart/woocommerce.py", line 4795, in order_import
    'meta_value': product_id,
UnboundLocalError: local variable 'product_id' referenced before assignment

