2021/01/13 18:06:14 : Order : INSERT INTO `_DBPRF_postmeta` (`user_id`, `meta_key`, `meta_value`) VALUES ('730', '_edit_lock', 1610535974): <span class="message-alert-error">SQLSTATE[42S22]: Column not found: 1054 Unknown column 'user_id' in 'field list'</span>
2021/01/13 18:06:14 : Order : INSERT INTO `_DBPRF_postmeta` (`user_id`, `meta_key`, `meta_value`) VALUES ('730', '_edit_last', '1'): <span class="message-alert-error">SQLSTATE[42S22]: Column not found: 1054 Unknown column 'user_id' in 'field list'</span>
2021/01/13 18:06:14 : Order : INSERT INTO `_DBPRF_postmeta` (`user_id`, `meta_key`, `meta_value`) VALUES ('730', '_customer_user', '0'): <span class="message-alert-error">SQLSTATE[42S22]: Column not found: 1054 Unknown column 'user_id' in 'field list'</span>
2021/01/13 18:06:14 : Order : INSERT INTO `_DBPRF_postmeta` (`user_id`, `meta_key`, `meta_value`) VALUES ('730', '_order_currency', 'USD'): <span class="message-alert-error">SQLSTATE[42S22]: Column not found: 1054 Unknown column 'user_id' in 'field list'</span>
2021/01/13 18:06:14 : Order : INSERT INTO `_DBPRF_postmeta` (`user_id`, `meta_key`, `meta_value`) VALUES ('730', '_order_shipping_tax', 0): <span class="message-alert-error">SQLSTATE[42S22]: Column not found: 1054 Unknown column 'user_id' in 'field list'</span>
2021/01/13 18:06:14 : Order : INSERT INTO `_DBPRF_postmeta` (`user_id`, `meta_key`, `meta_value`) VALUES ('730', '_order_tax', 0): <span class="message-alert-error">SQLSTATE[42S22]: Column not found: 1054 Unknown column 'user_id' in 'field list'</span>
2021/01/13 18:06:14 : Order : INSERT INTO `_DBPRF_postmeta` (`user_id`, `meta_key`, `meta_value`) VALUES ('731', '_edit_lock', 1610535974): <span class="message-alert-error">SQLSTATE[42S22]: Column not found: 1054 Unknown column 'user_id' in 'field list'</span>
2021/01/13 18:06:14 : Order : INSERT INTO `_DBPRF_postmeta` (`user_id`, `meta_key`, `meta_value`) VALUES ('731', '_edit_last', '1'): <span class="message-alert-error">SQLSTATE[42S22]: Column not found: 1054 Unknown column 'user_id' in 'field list'</span>
2021/01/13 18:06:14 : Order : INSERT INTO `_DBPRF_postmeta` (`user_id`, `meta_key`, `meta_value`) VALUES ('731', '_customer_user', '0'): <span class="message-alert-error">SQLSTATE[42S22]: Column not found: 1054 Unknown column 'user_id' in 'field list'</span>
2021/01/13 18:06:14 : Order : INSERT INTO `_DBPRF_postmeta` (`user_id`, `meta_key`, `meta_value`) VALUES ('731', '_order_currency', 'USD'): <span class="message-alert-error">SQLSTATE[42S22]: Column not found: 1054 Unknown column 'user_id' in 'field list'</span>
2021/01/13 18:06:14 : Order : INSERT INTO `_DBPRF_postmeta` (`user_id`, `meta_key`, `meta_value`) VALUES ('731', '_order_shipping_tax', 0): <span class="message-alert-error">SQLSTATE[42S22]: Column not found: 1054 Unknown column 'user_id' in 'field list'</span>
2021/01/13 18:06:14 : Order : INSERT INTO `_DBPRF_postmeta` (`user_id`, `meta_key`, `meta_value`) VALUES ('731', '_order_tax', 0): <span class="message-alert-error">SQLSTATE[42S22]: Column not found: 1054 Unknown column 'user_id' in 'field list'</span>
2021/01/13 18:06:15 : Order : INSERT INTO `_DBPRF_postmeta` (`user_id`, `meta_key`, `meta_value`) VALUES ('732', '_edit_lock', 1610535975): <span class="message-alert-error">SQLSTATE[42S22]: Column not found: 1054 Unknown column 'user_id' in 'field list'</span>
2021/01/13 18:06:15 : Order : INSERT INTO `_DBPRF_postmeta` (`user_id`, `meta_key`, `meta_value`) VALUES ('732', '_edit_last', '1'): <span class="message-alert-error">SQLSTATE[42S22]: Column not found: 1054 Unknown column 'user_id' in 'field list'</span>
2021/01/13 18:06:15 : Order : INSERT INTO `_DBPRF_postmeta` (`user_id`, `meta_key`, `meta_value`) VALUES ('732', '_customer_user', '0'): <span class="message-alert-error">SQLSTATE[42S22]: Column not found: 1054 Unknown column 'user_id' in 'field list'</span>
2021/01/13 18:06:15 : Order : INSERT INTO `_DBPRF_postmeta` (`user_id`, `meta_key`, `meta_value`) VALUES ('732', '_order_currency', 'USD'): <span class="message-alert-error">SQLSTATE[42S22]: Column not found: 1054 Unknown column 'user_id' in 'field list'</span>
2021/01/13 18:06:15 : Order : INSERT INTO `_DBPRF_postmeta` (`user_id`, `meta_key`, `meta_value`) VALUES ('732', '_order_shipping_tax', 0): <span class="message-alert-error">SQLSTATE[42S22]: Column not found: 1054 Unknown column 'user_id' in 'field list'</span>
2021/01/13 18:06:15 : Order : INSERT INTO `_DBPRF_postmeta` (`user_id`, `meta_key`, `meta_value`) VALUES ('732', '_order_tax', 0): <span class="message-alert-error">SQLSTATE[42S22]: Column not found: 1054 Unknown column 'user_id' in 'field list'</span>
2021/01/13 18:06:16 : Order : INSERT INTO `_DBPRF_postmeta` (`user_id`, `meta_key`, `meta_value`) VALUES ('733', '_edit_lock', 1610535976): <span class="message-alert-error">SQLSTATE[42S22]: Column not found: 1054 Unknown column 'user_id' in 'field list'</span>
2021/01/13 18:06:16 : Order : INSERT INTO `_DBPRF_postmeta` (`user_id`, `meta_key`, `meta_value`) VALUES ('733', '_edit_last', '1'): <span class="message-alert-error">SQLSTATE[42S22]: Column not found: 1054 Unknown column 'user_id' in 'field list'</span>
2021/01/13 18:06:16 : Order : INSERT INTO `_DBPRF_postmeta` (`user_id`, `meta_key`, `meta_value`) VALUES ('733', '_customer_user', '0'): <span class="message-alert-error">SQLSTATE[42S22]: Column not found: 1054 Unknown column 'user_id' in 'field list'</span>
2021/01/13 18:06:16 : Order : INSERT INTO `_DBPRF_postmeta` (`user_id`, `meta_key`, `meta_value`) VALUES ('733', '_order_currency', 'USD'): <span class="message-alert-error">SQLSTATE[42S22]: Column not found: 1054 Unknown column 'user_id' in 'field list'</span>
2021/01/13 18:06:16 : Order : INSERT INTO `_DBPRF_postmeta` (`user_id`, `meta_key`, `meta_value`) VALUES ('733', '_order_shipping_tax', 0): <span class="message-alert-error">SQLSTATE[42S22]: Column not found: 1054 Unknown column 'user_id' in 'field list'</span>
2021/01/13 18:06:16 : Order : INSERT INTO `_DBPRF_postmeta` (`user_id`, `meta_key`, `meta_value`) VALUES ('733', '_order_tax', 0): <span class="message-alert-error">SQLSTATE[42S22]: Column not found: 1054 Unknown column 'user_id' in 'field list'</span>
2021/01/13 18:06:16 : Order : INSERT INTO `_DBPRF_postmeta` (`user_id`, `meta_key`, `meta_value`) VALUES ('734', '_edit_lock', 1610535976): <span class="message-alert-error">SQLSTATE[42S22]: Column not found: 1054 Unknown column 'user_id' in 'field list'</span>
2021/01/13 18:06:16 : Order : INSERT INTO `_DBPRF_postmeta` (`user_id`, `meta_key`, `meta_value`) VALUES ('734', '_edit_last', '1'): <span class="message-alert-error">SQLSTATE[42S22]: Column not found: 1054 Unknown column 'user_id' in 'field list'</span>
2021/01/13 18:06:16 : Order : INSERT INTO `_DBPRF_postmeta` (`user_id`, `meta_key`, `meta_value`) VALUES ('734', '_customer_user', '0'): <span class="message-alert-error">SQLSTATE[42S22]: Column not found: 1054 Unknown column 'user_id' in 'field list'</span>
2021/01/13 18:06:16 : Order : INSERT INTO `_DBPRF_postmeta` (`user_id`, `meta_key`, `meta_value`) VALUES ('734', '_order_currency', 'USD'): <span class="message-alert-error">SQLSTATE[42S22]: Column not found: 1054 Unknown column 'user_id' in 'field list'</span>
2021/01/13 18:06:16 : Order : INSERT INTO `_DBPRF_postmeta` (`user_id`, `meta_key`, `meta_value`) VALUES ('734', '_order_shipping_tax', 0): <span class="message-alert-error">SQLSTATE[42S22]: Column not found: 1054 Unknown column 'user_id' in 'field list'</span>
2021/01/13 18:06:16 : Order : INSERT INTO `_DBPRF_postmeta` (`user_id`, `meta_key`, `meta_value`) VALUES ('734', '_order_tax', 0): <span class="message-alert-error">SQLSTATE[42S22]: Column not found: 1054 Unknown column 'user_id' in 'field list'</span>
2021/01/13 18:06:17 : Order : INSERT INTO `_DBPRF_postmeta` (`user_id`, `meta_key`, `meta_value`) VALUES ('735', '_edit_lock', 1610535977): <span class="message-alert-error">SQLSTATE[42S22]: Column not found: 1054 Unknown column 'user_id' in 'field list'</span>
2021/01/13 18:06:17 : Order : INSERT INTO `_DBPRF_postmeta` (`user_id`, `meta_key`, `meta_value`) VALUES ('735', '_edit_last', '1'): <span class="message-alert-error">SQLSTATE[42S22]: Column not found: 1054 Unknown column 'user_id' in 'field list'</span>
2021/01/13 18:06:17 : Order : INSERT INTO `_DBPRF_postmeta` (`user_id`, `meta_key`, `meta_value`) VALUES ('735', '_customer_user', '0'): <span class="message-alert-error">SQLSTATE[42S22]: Column not found: 1054 Unknown column 'user_id' in 'field list'</span>
2021/01/13 18:06:17 : Order : INSERT INTO `_DBPRF_postmeta` (`user_id`, `meta_key`, `meta_value`) VALUES ('735', '_order_currency', 'USD'): <span class="message-alert-error">SQLSTATE[42S22]: Column not found: 1054 Unknown column 'user_id' in 'field list'</span>
2021/01/13 18:06:17 : Order : INSERT INTO `_DBPRF_postmeta` (`user_id`, `meta_key`, `meta_value`) VALUES ('735', '_order_shipping_tax', 0): <span class="message-alert-error">SQLSTATE[42S22]: Column not found: 1054 Unknown column 'user_id' in 'field list'</span>
2021/01/13 18:06:17 : Order : INSERT INTO `_DBPRF_postmeta` (`user_id`, `meta_key`, `meta_value`) VALUES ('735', '_order_tax', 0): <span class="message-alert-error">SQLSTATE[42S22]: Column not found: 1054 Unknown column 'user_id' in 'field list'</span>
2021/01/13 18:06:18 : Order : INSERT INTO `_DBPRF_postmeta` (`user_id`, `meta_key`, `meta_value`) VALUES ('736', '_edit_lock', 1610535978): <span class="message-alert-error">SQLSTATE[42S22]: Column not found: 1054 Unknown column 'user_id' in 'field list'</span>
2021/01/13 18:06:18 : Order : INSERT INTO `_DBPRF_postmeta` (`user_id`, `meta_key`, `meta_value`) VALUES ('736', '_edit_last', '1'): <span class="message-alert-error">SQLSTATE[42S22]: Column not found: 1054 Unknown column 'user_id' in 'field list'</span>
2021/01/13 18:06:18 : Order : INSERT INTO `_DBPRF_postmeta` (`user_id`, `meta_key`, `meta_value`) VALUES ('736', '_customer_user', '0'): <span class="message-alert-error">SQLSTATE[42S22]: Column not found: 1054 Unknown column 'user_id' in 'field list'</span>
2021/01/13 18:06:18 : Order : INSERT INTO `_DBPRF_postmeta` (`user_id`, `meta_key`, `meta_value`) VALUES ('736', '_order_currency', 'USD'): <span class="message-alert-error">SQLSTATE[42S22]: Column not found: 1054 Unknown column 'user_id' in 'field list'</span>
2021/01/13 18:06:18 : Order : INSERT INTO `_DBPRF_postmeta` (`user_id`, `meta_key`, `meta_value`) VALUES ('736', '_order_shipping_tax', 0): <span class="message-alert-error">SQLSTATE[42S22]: Column not found: 1054 Unknown column 'user_id' in 'field list'</span>
2021/01/13 18:06:18 : Order : INSERT INTO `_DBPRF_postmeta` (`user_id`, `meta_key`, `meta_value`) VALUES ('736', '_order_tax', 0): <span class="message-alert-error">SQLSTATE[42S22]: Column not found: 1054 Unknown column 'user_id' in 'field list'</span>
2021/01/13 18:06:19 : Order : INSERT INTO `_DBPRF_postmeta` (`user_id`, `meta_key`, `meta_value`) VALUES ('737', '_edit_lock', 1610535978): <span class="message-alert-error">SQLSTATE[42S22]: Column not found: 1054 Unknown column 'user_id' in 'field list'</span>
2021/01/13 18:06:19 : Order : INSERT INTO `_DBPRF_postmeta` (`user_id`, `meta_key`, `meta_value`) VALUES ('737', '_edit_last', '1'): <span class="message-alert-error">SQLSTATE[42S22]: Column not found: 1054 Unknown column 'user_id' in 'field list'</span>
2021/01/13 18:06:19 : Order : INSERT INTO `_DBPRF_postmeta` (`user_id`, `meta_key`, `meta_value`) VALUES ('737', '_customer_user', '0'): <span class="message-alert-error">SQLSTATE[42S22]: Column not found: 1054 Unknown column 'user_id' in 'field list'</span>
2021/01/13 18:06:19 : Order : INSERT INTO `_DBPRF_postmeta` (`user_id`, `meta_key`, `meta_value`) VALUES ('737', '_order_currency', 'USD'): <span class="message-alert-error">SQLSTATE[42S22]: Column not found: 1054 Unknown column 'user_id' in 'field list'</span>
2021/01/13 18:06:19 : Order : INSERT INTO `_DBPRF_postmeta` (`user_id`, `meta_key`, `meta_value`) VALUES ('737', '_order_shipping_tax', 0): <span class="message-alert-error">SQLSTATE[42S22]: Column not found: 1054 Unknown column 'user_id' in 'field list'</span>
2021/01/13 18:06:19 : Order : INSERT INTO `_DBPRF_postmeta` (`user_id`, `meta_key`, `meta_value`) VALUES ('737', '_order_tax', 0): <span class="message-alert-error">SQLSTATE[42S22]: Column not found: 1054 Unknown column 'user_id' in 'field list'</span>
