2021/01/13 18:06:14 : orders_errors 1: Traceback (most recent call last):
  File "/home/hoang/Desktop/v32/cartmigration/controllers/migration.py", line 1072, in migration
    import_data = fn_import(convert_data, main, ext)
  File "/home/hoang/Desktop/v32/cartmigration/models/cart/woocommerce.py", line 4430, in order_import
    'meta_value': convert['items']['total']
TypeError: list indices must be integers or slices, not str

2021/01/13 18:06:14 : orders_errors 2: Traceback (most recent call last):
  File "/home/hoang/Desktop/v32/cartmigration/controllers/migration.py", line 1072, in migration
    import_data = fn_import(convert_data, main, ext)
  File "/home/hoang/Desktop/v32/cartmigration/models/cart/woocommerce.py", line 4430, in order_import
    'meta_value': convert['items']['total']
TypeError: list indices must be integers or slices, not str

2021/01/13 18:06:15 : orders_errors 3: Traceback (most recent call last):
  File "/home/hoang/Desktop/v32/cartmigration/controllers/migration.py", line 1072, in migration
    import_data = fn_import(convert_data, main, ext)
  File "/home/hoang/Desktop/v32/cartmigration/models/cart/woocommerce.py", line 4430, in order_import
    'meta_value': convert['items']['total']
TypeError: list indices must be integers or slices, not str

2021/01/13 18:06:16 : orders_errors 4: Traceback (most recent call last):
  File "/home/hoang/Desktop/v32/cartmigration/controllers/migration.py", line 1072, in migration
    import_data = fn_import(convert_data, main, ext)
  File "/home/hoang/Desktop/v32/cartmigration/models/cart/woocommerce.py", line 4430, in order_import
    'meta_value': convert['items']['total']
TypeError: list indices must be integers or slices, not str

2021/01/13 18:06:16 : orders_errors 5: Traceback (most recent call last):
  File "/home/hoang/Desktop/v32/cartmigration/controllers/migration.py", line 1072, in migration
    import_data = fn_import(convert_data, main, ext)
  File "/home/hoang/Desktop/v32/cartmigration/models/cart/woocommerce.py", line 4430, in order_import
    'meta_value': convert['items']['total']
TypeError: list indices must be integers or slices, not str

2021/01/13 18:06:17 : orders_errors 6: Traceback (most recent call last):
  File "/home/hoang/Desktop/v32/cartmigration/controllers/migration.py", line 1072, in migration
    import_data = fn_import(convert_data, main, ext)
  File "/home/hoang/Desktop/v32/cartmigration/models/cart/woocommerce.py", line 4430, in order_import
    'meta_value': convert['items']['total']
TypeError: list indices must be integers or slices, not str

2021/01/13 18:06:18 : orders_errors 7: Traceback (most recent call last):
  File "/home/hoang/Desktop/v32/cartmigration/controllers/migration.py", line 1072, in migration
    import_data = fn_import(convert_data, main, ext)
  File "/home/hoang/Desktop/v32/cartmigration/models/cart/woocommerce.py", line 4430, in order_import
    'meta_value': convert['items']['total']
TypeError: list indices must be integers or slices, not str

2021/01/13 18:06:19 : orders_errors 8: Traceback (most recent call last):
  File "/home/hoang/Desktop/v32/cartmigration/controllers/migration.py", line 1072, in migration
    import_data = fn_import(convert_data, main, ext)
  File "/home/hoang/Desktop/v32/cartmigration/models/cart/woocommerce.py", line 4430, in order_import
    'meta_value': convert['items']['total']
TypeError: list indices must be integers or slices, not str

