2021/01/14 08:37:50 : Order : INSERT INTO `_DBPRF_postmeta` (`user_id`, `meta_key`, `meta_value`) VALUES ('738', '_edit_lock', 1610588270): <span class="message-alert-error">SQLSTATE[42S22]: Column not found: 1054 Unknown column 'user_id' in 'field list'</span>
2021/01/14 08:37:50 : Order : INSERT INTO `_DBPRF_postmeta` (`user_id`, `meta_key`, `meta_value`) VALUES ('738', '_edit_last', '1'): <span class="message-alert-error">SQLSTATE[42S22]: Column not found: 1054 Unknown column 'user_id' in 'field list'</span>
2021/01/14 08:37:50 : Order : INSERT INTO `_DBPRF_postmeta` (`user_id`, `meta_key`, `meta_value`) VALUES ('738', '_customer_user', '0'): <span class="message-alert-error">SQLSTATE[42S22]: Column not found: 1054 Unknown column 'user_id' in 'field list'</span>
2021/01/14 08:37:50 : Order : INSERT INTO `_DBPRF_postmeta` (`user_id`, `meta_key`, `meta_value`) VALUES ('738', '_order_currency', 'USD'): <span class="message-alert-error">SQLSTATE[42S22]: Column not found: 1054 Unknown column 'user_id' in 'field list'</span>
2021/01/14 08:37:50 : Order : INSERT INTO `_DBPRF_postmeta` (`user_id`, `meta_key`, `meta_value`) VALUES ('738', '_order_shipping_tax', 0): <span class="message-alert-error">SQLSTATE[42S22]: Column not found: 1054 Unknown column 'user_id' in 'field list'</span>
2021/01/14 08:37:50 : Order : INSERT INTO `_DBPRF_postmeta` (`user_id`, `meta_key`, `meta_value`) VALUES ('738', '_order_tax', 0): <span class="message-alert-error">SQLSTATE[42S22]: Column not found: 1054 Unknown column 'user_id' in 'field list'</span>
2021/01/14 08:37:50 : Order : INSERT INTO `_DBPRF_postmeta` (`user_id`, `meta_key`, `meta_value`) VALUES ('739', '_edit_lock', 1610588270): <span class="message-alert-error">SQLSTATE[42S22]: Column not found: 1054 Unknown column 'user_id' in 'field list'</span>
2021/01/14 08:37:50 : Order : INSERT INTO `_DBPRF_postmeta` (`user_id`, `meta_key`, `meta_value`) VALUES ('739', '_edit_last', '1'): <span class="message-alert-error">SQLSTATE[42S22]: Column not found: 1054 Unknown column 'user_id' in 'field list'</span>
2021/01/14 08:37:50 : Order : INSERT INTO `_DBPRF_postmeta` (`user_id`, `meta_key`, `meta_value`) VALUES ('739', '_customer_user', '0'): <span class="message-alert-error">SQLSTATE[42S22]: Column not found: 1054 Unknown column 'user_id' in 'field list'</span>
2021/01/14 08:37:50 : Order : INSERT INTO `_DBPRF_postmeta` (`user_id`, `meta_key`, `meta_value`) VALUES ('739', '_order_currency', 'USD'): <span class="message-alert-error">SQLSTATE[42S22]: Column not found: 1054 Unknown column 'user_id' in 'field list'</span>
2021/01/14 08:37:50 : Order : INSERT INTO `_DBPRF_postmeta` (`user_id`, `meta_key`, `meta_value`) VALUES ('739', '_order_shipping_tax', 0): <span class="message-alert-error">SQLSTATE[42S22]: Column not found: 1054 Unknown column 'user_id' in 'field list'</span>
2021/01/14 08:37:50 : Order : INSERT INTO `_DBPRF_postmeta` (`user_id`, `meta_key`, `meta_value`) VALUES ('739', '_order_tax', 0): <span class="message-alert-error">SQLSTATE[42S22]: Column not found: 1054 Unknown column 'user_id' in 'field list'</span>
2021/01/14 08:37:51 : Order : INSERT INTO `_DBPRF_postmeta` (`user_id`, `meta_key`, `meta_value`) VALUES ('740', '_edit_lock', 1610588271): <span class="message-alert-error">SQLSTATE[42S22]: Column not found: 1054 Unknown column 'user_id' in 'field list'</span>
2021/01/14 08:37:51 : Order : INSERT INTO `_DBPRF_postmeta` (`user_id`, `meta_key`, `meta_value`) VALUES ('740', '_edit_last', '1'): <span class="message-alert-error">SQLSTATE[42S22]: Column not found: 1054 Unknown column 'user_id' in 'field list'</span>
2021/01/14 08:37:51 : Order : INSERT INTO `_DBPRF_postmeta` (`user_id`, `meta_key`, `meta_value`) VALUES ('740', '_customer_user', '0'): <span class="message-alert-error">SQLSTATE[42S22]: Column not found: 1054 Unknown column 'user_id' in 'field list'</span>
2021/01/14 08:37:51 : Order : INSERT INTO `_DBPRF_postmeta` (`user_id`, `meta_key`, `meta_value`) VALUES ('740', '_order_currency', 'USD'): <span class="message-alert-error">SQLSTATE[42S22]: Column not found: 1054 Unknown column 'user_id' in 'field list'</span>
2021/01/14 08:37:51 : Order : INSERT INTO `_DBPRF_postmeta` (`user_id`, `meta_key`, `meta_value`) VALUES ('740', '_order_shipping_tax', 0): <span class="message-alert-error">SQLSTATE[42S22]: Column not found: 1054 Unknown column 'user_id' in 'field list'</span>
2021/01/14 08:37:51 : Order : INSERT INTO `_DBPRF_postmeta` (`user_id`, `meta_key`, `meta_value`) VALUES ('740', '_order_tax', 0): <span class="message-alert-error">SQLSTATE[42S22]: Column not found: 1054 Unknown column 'user_id' in 'field list'</span>
2021/01/14 08:37:51 : Order : INSERT INTO `_DBPRF_postmeta` (`user_id`, `meta_key`, `meta_value`) VALUES ('741', '_edit_lock', 1610588271): <span class="message-alert-error">SQLSTATE[42S22]: Column not found: 1054 Unknown column 'user_id' in 'field list'</span>
2021/01/14 08:37:51 : Order : INSERT INTO `_DBPRF_postmeta` (`user_id`, `meta_key`, `meta_value`) VALUES ('741', '_edit_last', '1'): <span class="message-alert-error">SQLSTATE[42S22]: Column not found: 1054 Unknown column 'user_id' in 'field list'</span>
2021/01/14 08:37:51 : Order : INSERT INTO `_DBPRF_postmeta` (`user_id`, `meta_key`, `meta_value`) VALUES ('741', '_customer_user', '0'): <span class="message-alert-error">SQLSTATE[42S22]: Column not found: 1054 Unknown column 'user_id' in 'field list'</span>
2021/01/14 08:37:51 : Order : INSERT INTO `_DBPRF_postmeta` (`user_id`, `meta_key`, `meta_value`) VALUES ('741', '_order_currency', 'USD'): <span class="message-alert-error">SQLSTATE[42S22]: Column not found: 1054 Unknown column 'user_id' in 'field list'</span>
2021/01/14 08:37:51 : Order : INSERT INTO `_DBPRF_postmeta` (`user_id`, `meta_key`, `meta_value`) VALUES ('741', '_order_shipping_tax', 0): <span class="message-alert-error">SQLSTATE[42S22]: Column not found: 1054 Unknown column 'user_id' in 'field list'</span>
2021/01/14 08:37:51 : Order : INSERT INTO `_DBPRF_postmeta` (`user_id`, `meta_key`, `meta_value`) VALUES ('741', '_order_tax', 0): <span class="message-alert-error">SQLSTATE[42S22]: Column not found: 1054 Unknown column 'user_id' in 'field list'</span>
2021/01/14 08:37:52 : Order : INSERT INTO `_DBPRF_postmeta` (`user_id`, `meta_key`, `meta_value`) VALUES ('742', '_edit_lock', 1610588272): <span class="message-alert-error">SQLSTATE[42S22]: Column not found: 1054 Unknown column 'user_id' in 'field list'</span>
2021/01/14 08:37:52 : Order : INSERT INTO `_DBPRF_postmeta` (`user_id`, `meta_key`, `meta_value`) VALUES ('742', '_edit_last', '1'): <span class="message-alert-error">SQLSTATE[42S22]: Column not found: 1054 Unknown column 'user_id' in 'field list'</span>
2021/01/14 08:37:52 : Order : INSERT INTO `_DBPRF_postmeta` (`user_id`, `meta_key`, `meta_value`) VALUES ('742', '_customer_user', '0'): <span class="message-alert-error">SQLSTATE[42S22]: Column not found: 1054 Unknown column 'user_id' in 'field list'</span>
2021/01/14 08:37:52 : Order : INSERT INTO `_DBPRF_postmeta` (`user_id`, `meta_key`, `meta_value`) VALUES ('742', '_order_currency', 'USD'): <span class="message-alert-error">SQLSTATE[42S22]: Column not found: 1054 Unknown column 'user_id' in 'field list'</span>
2021/01/14 08:37:52 : Order : INSERT INTO `_DBPRF_postmeta` (`user_id`, `meta_key`, `meta_value`) VALUES ('742', '_order_shipping_tax', 0): <span class="message-alert-error">SQLSTATE[42S22]: Column not found: 1054 Unknown column 'user_id' in 'field list'</span>
2021/01/14 08:37:52 : Order : INSERT INTO `_DBPRF_postmeta` (`user_id`, `meta_key`, `meta_value`) VALUES ('742', '_order_tax', 0): <span class="message-alert-error">SQLSTATE[42S22]: Column not found: 1054 Unknown column 'user_id' in 'field list'</span>
2021/01/14 08:37:52 : Order : INSERT INTO `_DBPRF_postmeta` (`user_id`, `meta_key`, `meta_value`) VALUES ('743', '_edit_lock', 1610588272): <span class="message-alert-error">SQLSTATE[42S22]: Column not found: 1054 Unknown column 'user_id' in 'field list'</span>
2021/01/14 08:37:52 : Order : INSERT INTO `_DBPRF_postmeta` (`user_id`, `meta_key`, `meta_value`) VALUES ('743', '_edit_last', '1'): <span class="message-alert-error">SQLSTATE[42S22]: Column not found: 1054 Unknown column 'user_id' in 'field list'</span>
2021/01/14 08:37:52 : Order : INSERT INTO `_DBPRF_postmeta` (`user_id`, `meta_key`, `meta_value`) VALUES ('743', '_customer_user', '0'): <span class="message-alert-error">SQLSTATE[42S22]: Column not found: 1054 Unknown column 'user_id' in 'field list'</span>
2021/01/14 08:37:52 : Order : INSERT INTO `_DBPRF_postmeta` (`user_id`, `meta_key`, `meta_value`) VALUES ('743', '_order_currency', 'USD'): <span class="message-alert-error">SQLSTATE[42S22]: Column not found: 1054 Unknown column 'user_id' in 'field list'</span>
2021/01/14 08:37:52 : Order : INSERT INTO `_DBPRF_postmeta` (`user_id`, `meta_key`, `meta_value`) VALUES ('743', '_order_shipping_tax', 0): <span class="message-alert-error">SQLSTATE[42S22]: Column not found: 1054 Unknown column 'user_id' in 'field list'</span>
2021/01/14 08:37:52 : Order : INSERT INTO `_DBPRF_postmeta` (`user_id`, `meta_key`, `meta_value`) VALUES ('743', '_order_tax', 0): <span class="message-alert-error">SQLSTATE[42S22]: Column not found: 1054 Unknown column 'user_id' in 'field list'</span>
2021/01/14 08:37:52 : Order : INSERT INTO `_DBPRF_postmeta` (`user_id`, `meta_key`, `meta_value`) VALUES ('744', '_edit_lock', 1610588272): <span class="message-alert-error">SQLSTATE[42S22]: Column not found: 1054 Unknown column 'user_id' in 'field list'</span>
2021/01/14 08:37:52 : Order : INSERT INTO `_DBPRF_postmeta` (`user_id`, `meta_key`, `meta_value`) VALUES ('744', '_edit_last', '1'): <span class="message-alert-error">SQLSTATE[42S22]: Column not found: 1054 Unknown column 'user_id' in 'field list'</span>
2021/01/14 08:37:53 : Order : INSERT INTO `_DBPRF_postmeta` (`user_id`, `meta_key`, `meta_value`) VALUES ('744', '_customer_user', '0'): <span class="message-alert-error">SQLSTATE[42S22]: Column not found: 1054 Unknown column 'user_id' in 'field list'</span>
2021/01/14 08:37:53 : Order : INSERT INTO `_DBPRF_postmeta` (`user_id`, `meta_key`, `meta_value`) VALUES ('744', '_order_currency', 'USD'): <span class="message-alert-error">SQLSTATE[42S22]: Column not found: 1054 Unknown column 'user_id' in 'field list'</span>
2021/01/14 08:37:53 : Order : INSERT INTO `_DBPRF_postmeta` (`user_id`, `meta_key`, `meta_value`) VALUES ('744', '_order_shipping_tax', 0): <span class="message-alert-error">SQLSTATE[42S22]: Column not found: 1054 Unknown column 'user_id' in 'field list'</span>
2021/01/14 08:37:53 : Order : INSERT INTO `_DBPRF_postmeta` (`user_id`, `meta_key`, `meta_value`) VALUES ('744', '_order_tax', 0): <span class="message-alert-error">SQLSTATE[42S22]: Column not found: 1054 Unknown column 'user_id' in 'field list'</span>
2021/01/14 08:37:53 : Order : INSERT INTO `_DBPRF_postmeta` (`user_id`, `meta_key`, `meta_value`) VALUES ('745', '_edit_lock', 1610588273): <span class="message-alert-error">SQLSTATE[42S22]: Column not found: 1054 Unknown column 'user_id' in 'field list'</span>
2021/01/14 08:37:53 : Order : INSERT INTO `_DBPRF_postmeta` (`user_id`, `meta_key`, `meta_value`) VALUES ('745', '_edit_last', '1'): <span class="message-alert-error">SQLSTATE[42S22]: Column not found: 1054 Unknown column 'user_id' in 'field list'</span>
2021/01/14 08:37:53 : Order : INSERT INTO `_DBPRF_postmeta` (`user_id`, `meta_key`, `meta_value`) VALUES ('745', '_customer_user', '0'): <span class="message-alert-error">SQLSTATE[42S22]: Column not found: 1054 Unknown column 'user_id' in 'field list'</span>
2021/01/14 08:37:53 : Order : INSERT INTO `_DBPRF_postmeta` (`user_id`, `meta_key`, `meta_value`) VALUES ('745', '_order_currency', 'USD'): <span class="message-alert-error">SQLSTATE[42S22]: Column not found: 1054 Unknown column 'user_id' in 'field list'</span>
2021/01/14 08:37:53 : Order : INSERT INTO `_DBPRF_postmeta` (`user_id`, `meta_key`, `meta_value`) VALUES ('745', '_order_shipping_tax', 0): <span class="message-alert-error">SQLSTATE[42S22]: Column not found: 1054 Unknown column 'user_id' in 'field list'</span>
2021/01/14 08:37:53 : Order : INSERT INTO `_DBPRF_postmeta` (`user_id`, `meta_key`, `meta_value`) VALUES ('745', '_order_tax', 0): <span class="message-alert-error">SQLSTATE[42S22]: Column not found: 1054 Unknown column 'user_id' in 'field list'</span>
